Build started 2015-04-17 오후 4:48:32.
     1>Project "c:\Users\USER\git\hwp2pdf\xh2pdf\xh2pdf.vcxproj" on node 2 (Build target(s)).
     1>ClCompile:
         C:\Program Files\Microsoft Visual Studio 12.0\VC\bin\CL.exe /c /ZI /nologo /W3 /WX- /sdl /Od /Oy- /D WIN32 /D _DEBUG /D _CONSOLE /D _LIB /D _MBCS /Gm /EHsc /RTC1 /MDd /GS /fp:precise /Zc:wchar_t /Zc:forScope /Fo"Debug\\" /Fd"Debug\vc120.pdb" /Gd /TP /analyze- /errorReport:prompt CrossReferenceTable.cpp HwpXmlInflation.cpp ProducePdf.cpp Stream.cpp xh2pdf.cpp
         xh2pdf.cpp
         Generating Code...
         Compiling...
         ProducePdf.cpp
     1>c:\users\user\git\hwp2pdf\xh2pdf\producepdf.cpp(640): warning C4244: 'initializing' : conversion from 'std::streamoff' to 'size_t', possible loss of data
     1>c:\users\user\git\hwp2pdf\xh2pdf\producepdf.cpp(777): warning C4244: 'initializing' : conversion from 'std::streamoff' to 'size_t', possible loss of data
         Generating Code...
         Skipping... (no relevant changes detected)
         Stream.cpp
         HwpXmlInflation.cpp
         CrossReferenceTable.cpp
       Link:
         C:\Program Files\Microsoft Visual Studio 12.0\VC\bin\link.exe /ERRORREPORT:PROMPT /OUT:"C:\Users\USER\git\hwp2pdf\Debug\xh2pdf.exe" /INCREMENTAL /NOLOGO kernel32.lib user32.lib gdi32.lib winspool.lib comdlg32.lib advapi32.lib shell32.lib ole32.lib oleaut32.lib uuid.lib odbc32.lib odbccp32.lib /MANIFEST /MANIFESTUAC:"level='asInvoker' uiAccess='false'" /manifest:embed /DEBUG /PDB:"C:\Users\USER\git\hwp2pdf\Debug\xh2pdf.pdb" /SUBSYSTEM:CONSOLE /TLBID:1 /DYNAMICBASE /NXCOMPAT /IMPLIB:"C:\Users\USER\git\hwp2pdf\Debug\xh2pdf.lib" /MACHINE:X86 Debug\Dictionary.obj
         Debug\Font.obj
         Debug\Header.obj
         Debug\HwpXmlInflation.obj
         Debug\Object.obj
         Debug\ProducePdf.obj
         Debug\Image.obj
         Debug\Stream.obj
         Debug\tinystr.obj
         Debug\tinyxml.obj
         Debug\tinyxmlerror.obj
         Debug\tinyxmlparser.obj
         Debug\Trailer.obj
         Debug\xh2pdf.obj
         Debug\CrossReferenceTable.obj
         xh2pdf.vcxproj -> C:\Users\USER\git\hwp2pdf\Debug\xh2pdf.exe
     1>Done Building Project "c:\Users\USER\git\hwp2pdf\xh2pdf\xh2pdf.vcxproj" (Build target(s)).

Build succeeded.

Time Elapsed 00:00:05.51
